00:19:05  ============================================================
00:19:05  FapItUp Daily Updater — 2026-04-21 00:19
00:19:05  ============================================================
00:19:05  
── 1. VIRALKAND ──────────────────────────────────────────────
00:19:05  [VK] Page 1
00:19:06  [VK] Page 1: 24 new so far
00:19:07  [VK] Page 2
00:19:08  [VK] Page 2: 48 new so far
00:19:10  [VK] Page 3
00:19:11  [VK] Page 3: 72 new so far
00:19:13  [VK] Page 4
00:19:13  [VK] Page 4: 96 new so far
00:19:15  [VK] Page 5
00:19:16  [VK] Page 5: 120 new so far
00:19:17  [VK] Page 6
00:19:18  [VK] Page 6: 144 new so far
00:19:20  [VK] Page 7
00:19:20  [VK] Page 7: 168 new so far
00:19:22  [VK] Page 8
00:19:23  [VK] Page 8: 192 new so far
00:19:24  [VK] Page 9
00:19:25  [VK] Page 9: 213 new so far
00:19:25  [VK] 213 new videos
